(S0-Claims)
CL-9000=0000000000000000
CL-70000=0000000000000000
CL-8000=0000000000000000
CL-200000=0000000000000000
(S0-ClaimsDone)
(S1-GOP)
(GOP-Init)
LOCATE-RET=8000000000000002
Try-HandleBuf
LOCHAND-RET=0000000000000000
NUM-HANDLES=0000000000000002
OPENPROT-RET=0000000000000000
GOP-PTR=000000001E65CBB8
GOP-PTR=000000001E65CBB8
MAX-MODES=000000000000001E
FOUND-1024
SET-MODE=0000000000000007
SET-RET=0000000000000000
FB-BASE=0000000080000000
GOP-RET=0000000000000000
GOP-FB=0000000080000000
GOP-W=0000000000000500
GOP-H=0000000000000320
GOP-PITCH=0000000000000500
(S2-Kernel)
KERN-RET=0000000000000000
KERN-BYTES=000000000000ADD0
KERN[0]=0000000000000000
KERN[8]=0000000000000000
(S3-Paging)
PT-PML4[0]=0000000000071003
PT-PDPT[0]=0000000000000083
PT-PDPT[1]=0000000040000083
(S3-PagingOK)
(X0-PreExit)
FB=0000000080000000
W=0000000000000500
H=0000000000000320
KSZ=000000000000ADD0
K-TMP0=0000000000000000
PML4-0=0000000000071003
PDPT-0=0000000000000083
(X1-CallExit)
00000000083
(X1-CallExit)
00000000083
(X1-CallExit)
