BCBCBCBCBCBCBCBCBCBCBCBCBCBCBCBC3K45678(!0-ENTRY)[00](!1)(!2)(!3=0000)(!4)(!5)(!6)[XML] PASS=15 FAIL=0
[RST] OK
L0000000000102642
MISO2MSR9UFEBF0000 12abcdSR34P00000008 000202A0 000202A0 000202A0 000202A0 00020EE1 F00000005 v1v1v1HDECv1O[]TFWQ:0000000000000008/0000000000000008
CPU:0000000000000008
CACHE:0000000000000080/0000000000000200/0000000000004000
FREQ:0000000002485F3F
MEMCAP:0000000002000000 GUI:0000000001000000-0000000002600000 APP:0000000002600000
SMP:0000000000000008/0000000000000008/0000000000000008/0000000000000008/0000000000000008
M12KKF!U0000000002630255@00000000026FFE00:0000000000000000:0000000000000000
X000000000000000E@0000000002630255#000000000000002BE0000000000000005R0000000000000002!00000000026FFDE8
A0000000000000002B0000000000000000C0000000000000000D0000000000000000I00000000026FFE00S0000000000000000P0000000000BFFF98
8000000000010C2C99000000000020C44200000000000000004100000000000000002000000000024200030000000002630255400000000026FFE0050000000000000000
R0000000000BFFF70:0000000000BFFF98:0000000000000000:00000000026FFE00:0000000000000000
CPU:0000000000000008
CACHE:0000000000000080/0000000000000200/0000000000004000
FREQ:0000000002419544
MEMCAP:0000000002000000 GUI:0000000001000000-0000000002600000 APP:0000000002600000
SMP:0000000000000008/0000000000000008/0000000000000008/0000000000000008/0000000000000008
MEMCAP:0000000002000000 GUI:0000000001000000-0000000002600000 APP:0000000002600000
SMP:0000000000000008/0000000000000008/0000000000000008/0000000000000008/0000000000000008
BENCH:0000000000BFFEA0:9E26A8E4D316FD10

