[2J[001;001H[=3h[2J[001;001H[2J[001;001H[8;056;240t[2J[001;001H[2J[001;001H[=3h[2J[001;001H[2J[001;001H[8;042;160t[2J[001;001HBdsDxe: loading Boot0002 "UEFI QEMU HARDDISK QM00001 " from PciRoot(0x0)/Pci(0x1,0x1)/Ata(Primary,Master,0x0)
BdsDxe: starting Boot0002 "UEFI QEMU HARDDISK QM00001 " from PciRoot(0x0)/Pci(0x1,0x1)/Ata(Primary,Master,0x0)
XECFWTGSJ(!0-ENTRY)[00](!1)(!2)(!3=0000)(!4)(!5)(!6)L00000000001022C2
MSR9U00000000 12abcdSR34P00000008 000202A0 000202A0 000202A0 000202A0 00020EE1 F00000005 v1v1v1HDECv1O[pv1sv1v1aev1)TFCPU:0000000000000001
CACHE:0000000000000080/0000000000000200/0000000000004000
FREQ:0000000002459CD6
MEMCAP:0000000000000000 GUI:0000000000400000-0000000001000000 APP:0000000001000000
SMP:0000000000000001/0000000000000001/0000000000000001/0000000000000001/0000000000000001
M12KKF!L000000000000000200000000000000020000000000000000R0000000000000000U0000000001003028@00000000010FFE00:0000000000000000:0000000000000000
s4N0000000000000004@00000000010029C7
s2N0000000000000002@000000000100008B
s5N0000000000000005@00000000010029ED
s3N0000000000000003@0000000001000096
s2N0000000000000002@000000000100008B
s3N0000000000000003@0000000001000096
s3N0000000000000003@0000000001000096
s4N0000000000000004@00000000010029C7
s5s3s3s5s3s3s5s3s3s5s3s3s5s2s3s3s2s3s:R00000000001FFF70:00000000001FFF98:0000000000000000:00000000010FFE00:0000000000000000
U0000000001003028@00000000010FFE00:0000000000000000:0000000000000000
s4s2s5s3s2s3s3s4s5s3s3s5s3s3s5s3s3s5s3s3s5s2s3s3s2s3s:R00000000001FFF70:00000000001FFF98:0000000000000000:00000000010FFE00:0000000000000000
U0000000001003028@00000000010FFE00:0000000000000000:0000000000000000
s4s2s5s3s2s3s3s4s5s3s3s5s3s3s5s3s3s5s3s3s5s2s3s3s2s3s:R00000000001FFF70:00000000001FFF98:0000000000000000:00000000010FFE00:0000000000000000
U0000000001003028@00000000010FFE00:0000000000000000:0000000000000000
s4s2s5s3s2s3s3s4s5s3s3s5s3s3s5s3s3s5s3s3s5s2s3s3s2s3s:R00000000001FFF70:00000000001FFF98:0000000000000000:00000000010FFE00:0000000000000000
U0000000001003028@00000000010FFE00:0000000000000000:0000000000000000
s4s2s5s3s2s3s3s4s5s3s3s5s3s3s5s3s3s5s3s3s5s2s3s3s2s3s:R00000000001FFF70:00000000001FFF98:0000000000000000:00000000010FFE00:0000000000000000
U0000000001003028@00000000010FFE00:0000000000000000:0000000000000000
s4s2s5s3s2s3s3s4s5s3s3s5s3s3s5s3s3s5s3s3s5s2s3s3s2s3s:R00000000001FFF70:00000000001FFF98:0000000000000000:00000000010FFE00:0000000000000000
U0000000001003028@00000000010FFE00:0000000000000000:0000000000000000
s4s2s5s3s2s3s3s4s5s3s3s5s3s3s5s3s3s5s3s3s5s2s3s3s2s3s:R00000000001FFF70:00000000001FFF98:0000000000000000:00000000010FFE00:0000000000000000
U0000000001003028@00000000010FFE00:0000000000000000:0000000000000000
s4s2s5s3s2s3s3s4s5s3s3s5s3s3s5s3s3s5s3s3s5s2s3s3s2s3s:R00000000001FFF70:00000000001FFF98:0000000000000000:00000000010FFE00:0000000000000000
U0000000001003028@00000000010FFE00:0000000000000000:0000000000000000
s4s2s5s3s2s3s3s4s5s3s3s5s3s3s5s3s3s5s3s3s5s2s3s3s2s3s:R00000000001FFF70:00000000001FFF98:0000000000000000:00000000010FFE00:0000000000000000
U0000000001003028@00000000010FFE00:0000000000000000:0000000000000000
s4s2s5s3s2s3s3s4s5s3s3s5s3s3s5s3s3s5s3s3s5s2s3s3s2s3s:R00000000001FFF70:00000000001FFF98:0000000000000000:00000000010FFE00:0000000000000000
U0000000001003028@00000000010FFE00:0000000000000000:0000000000000000
s4s2s5s3s2s3s3s4s5s3s3s5s3s3s5s3s3s5s3s3s5s2s3s3s2s3s:R00000000001FFF70:00000000001FFF98:0000000000000000:00000000010FFE00:0000000000000000
U0000000001003028@00000000010FFE00:0000000000000000:0000000000000000
s4s2s5s3s2s3s3s4s5s3s3s5s3s3s5s3s3s5s3s3s5s2s3s3s2s3s:R00000000001FFF70:00000000001FFF98:0000000000000000:00000000010FFE00:0000000000000000
U0000000001003028@00000000010FFE00:0000000000000000:0000000000000000
s4s2s5s3s2s3s3s4s5s3s3s5s3s3s5s3s3s5s3s3s5s2s3s3s2s3s:R00000000001FFF70:00000000001FFF98:0000000000000000:00000000010FFE00:0000000000000000
U0000000001003028@00000000010FFE00:0000000000000000:0000000000000000
s4s2s5s3s2s3s3s4s5s3s3s5s3s3s5s3s3s5s3s3s5s2s3s3s2s3s:R00000000001FFF70:00000000001FFF98:0000000000000000:00000000010FFE00:0000000000000000
U0000000001003028@00000000010FFE00:0000000000000000:0000000000000000
s4s2s5s3s2s3s3s4s5s3s3s5s3s3s5s3s3s5s3s3s5s2s3s3s2s3s:R00000000001FFF70:00000000001FFF98:0000000000000000:00000000010FFE00:0000000000000000
U0000000001003028@00000000010FFE00:0000000000000000:0000000000000000
s4s2s5s3s2s3s3s4s5s3s3s5s3s3s5s3s3s5s3s3s5s2s3s3s2s3s:R00000000001FFF70:00000000001FFF98:0000000000000000:00000000010FFE00:0000000000000000
U0000000001003028@00000000010FFE00:0000000000000000:0000000000000000
s4s2s5s3s2s3s3s4s5s3s3s5s3s3s5s3s3s5s3s3s5s2s3s3s2s3s:R00000000001FFF70:00000000001FFF98:0000000000000000:00000000010FFE00:0000000000000000
U0000000001003028@00000000010FFE00:0000000000000000:0000000000000000
s4s2s5s3s2s3s3s4s5s3s3s5s3s3s5s3s3s5s3s3s5s2s3s3s2s3s:R00000000001FFF70:00000000001FFF98:0000000000000000:00000000010FFE00:0000000000000000
U0000000001003028@00000000010FFE00:0000000000000000:0000000000000000
s4s2s5s3s2s3s3s4s5s3s3s5s3s3s5s3s3s5s3s3s5s2s3s3s2s3s:R00000000001FFF70:00000000001FFF98:0000000000000000:00000000010FFE00:0000000000000000
U0000000001003028@00000000010FFE00:0000000000000000:0000000000000000
s4s2s5s3s2s3s3s4s5s3s3s5s3s3s5s3s3s5s3s3s5s2s3s3s2s3s:R00000000001FFF70:00000000001FFF98:0000000000000000:00000000010FFE00:0000000000000000
U0000000001003028@00000000010FFE00:0000000000000000:0000000000000000
s4s2s5s3s2s3s3s4s5s3s3s5s3s3s5s3s3s5s3s3s5s2s3s3s2s3s:R00000000001FFF70:00000000001FFF98:0000000000000000:00000000010FFE00:0000000000000000
U0000000001003028@00000000010FFE00:0000000000000000:0000000000000000
s4s2s5s3s2s3s3s4s5s3s3s5s3s3s5s3s3s5s3s3s5s2s3s3s2s3s:R00000000001FFF70:00000000001FFF98:0000000000000000:00000000010FFE00:0000000000000000
U0000000001003028@00000000010FFE00:0000000000000000:0000000000000000
s4s2s5s3s2s3s3s4s5s3s3s5s3s3s5s3s3s5s3s3s5s2s3s3s2s3s:R00000000001FFF70:00000000001FFF98:0000000000000000:00000000010FFE00:0000000000000000
U0000000001003028@00000000010FFE00:0000000000000000:0000000000000000
s4s2s5s3s2s3s3s4s5s3s3s5s3s3s5s3s3s5s3s3s5s2s3s3s2s3s:R00000000001FFF70:00000000001FFF98:0000000000000000:00000000010FFE00:0000000000000000
U0000000001003028@00000000010FFE00:0000000000000000:0000000000000000
s4s2s5s3s2s3s3s4s5s3s3s5s3s3s5s3s3s5s3s3s5s2s3s3s2s3s:R00000000001FFF70:00000000001FFF98:0000000000000000:00000000010FFE00:0000000000000000
U0000000001003028@00000000010FFE00:0000000000000000:0000000000000000
s4s2s5s3s2s3s3s4s5s3s3s5s3s3s5s3s3s5s3s3s5s2s3s3s2s3s:R00000000001FFF70:00000000001FFF98:0000000000000000:00000000010FFE00:0000000000000000
U0000000001003028@00000000010FFE00:0000000000000000:0000000000000000
s4s2s5s3s2s3s3s4s5s3s3s5s3s3s5s3s3s5s3s3s5s2s3s3s2s3s:R00000000001FFF70:00000000001FFF98:0000000000000000:00000000010FFE00:0000000000000000
U0000000001003028@00000000010FFE00:0000000000000000:0000000000000000
s4s2s5s3s2s3s3s4s5s3s3s5s3s3s5s3s3s5s3s3s5s2s3s3s2s3s:R00000000001FFF70:00000000001FFF98:0000000000000000:00000000010FFE00:0000000000000000
U0000000001003028@00000000010FFE00:0000000000000000:0000000000000000
s4s2s5s3s2s3s3s4s5s3s3s5s3s3s5s3s3s5s3s3s5s2s3s3s2s3s:R00000000001FFF70:00000000001FFF98:0000000000000000:00000000010FFE00:0000000000000000
U0000000001003028@00000000010FFE00:0000000000000000:0000000000000000
s4s2s5s3s2s3s3s4s5s3s3s5s3s3s5s3s3s5s3s3s5s2s3s3s2s3s:R00000000001FFF70:00000000001FFF98:0000000000000000:00000000010FFE00:0000000000000000
U0000000001003028@00000000010FFE00:0000000000000000:0000000000000000
s4s2s5s3s2s3s3s4s5s3s3s5s3s3s5s3s3s5s3s3s5s2s3s3s2s3s:R00000000001FFF70:00000000001FFF98:0000000000000000:00000000010FFE00:0000000000000000
U0000000001003028@00000000010FFE00:0000000000000000:0000000000000000
s4s2s5s3s2s3s3s4s5s3s3s5s3s3s5s3s3s5s3s3s5s2s3s3s2s3s:R00000000001FFF70:00000000001FFF98:0000000000000000:00000000010FFE00:0000000000000000
U0000000001003028@00000000010FFE00:0000000000000000:0000000000000000
s4s2s5s3s2s3s3s4s5s3s3s5s3s3s5s3s3s5s3s3s5s2s3s3s2s3s:R00000000001FFF70:00000000001FFF98:0000000000000000:00000000010FFE00:0000000000000000
U0000000001003028@00000000010FFE00:0000000000000000:0000000000000000
s4s2s5s3s2s3s3s4s5s3s3s5s3s3s5s3s3s5s3s3s5s2s3s3s2s3s:R00000000001FFF70:00000000001FFF98:0000000000000000:00000000010FFE00:0000000000000000
U0000000001003028@00000000010FFE00:0000000000000000:0000000000000000
s4s2s5s3s2s3s3s4s5s3s3s5s3s3s5s3s3s5s3s3s5s2s3s3s2s3s:R00000000001FFF70:00000000001FFF98:0000000000000000:00000000010FFE00:0000000000000000
U0000000001003028@00000000010FFE00:0000000000000000:0000000000000000
s4s2s5s3s2s3s3s4s5s3s3s5s3s3s5s3s3s5s3s3s5s2s3s3s2s3s:R00000000001FFF70:00000000001FFF98:0000000000000000:00000000010FFE00:0000000000000000
U0000000001003028@00000000010FFE00:0000000000000000:0000000000000000
s4s2s5s3s2s3s3s4s5s3s3s5s3s3s5s3s3s5s3s3s5s2s3s3s2s3s:R00000000001FFF70:00000000001FFF98:0000000000000000:00000000010FFE00:0000000000000000
U0000000001003028@00000000010FFE00:0000000000000000:0000000000000000
s4s2s5s3s2s3s3s4s5s3s3s5s3s3s5s3s3s5s3s3s5s2s3s3s2s3s:R00000000001FFF70:00000000001FFF98:0000000000000000:00000000010FFE00:0000000000000000
U0000000001003028@00000000010FFE00:0000000000000000:0000000000000000
s4s2s5s3s2s3s3s4s5s3s3s5s3s3s5s3s3s5s3s3s5s2s3s3s2s3s:R00000000001FFF70:00000000001FFF98:0000000000000000:00000000010FFE00:0000000000000000
U0000000001003028@00000000010FFE00:0000000000000000:0000000000000000
s4s2s5s3s2s3s3s4s5s3s3s5s3s3s5s3s3s5s3s3s5s2s3s3s2s3s:R00000000001FFF70:00000000001FFF98:0000000000000000:00000000010FFE00:0000000000000000
U0000000001003028@00000000010FFE00:0000000000000000:0000000000000000
s4s2s5s3s2s3s3s4s5s3s3s5s3s3s5s3s3s5s3s3s5s2s3s3s2s3s:R00000000001FFF70:00000000001FFF98:0000000000000000:00000000010FFE00:0000000000000000

