[2J[001;001H[=3h[2J[001;001H[2J[001;001H[8;056;240t[2J[001;001H[2J[001;001H[=3h[2J[001;001H[2J[001;001H[8;042;160t[2J[001;001HBdsDxe: loading Boot0002 "UEFI QEMU HARDDISK QM00001 " from PciRoot(0x0)/Pci(0x1,0x1)/Ata(Primary,Master,0x0)
BdsDxe: starting Boot0002 "UEFI QEMU HARDDISK QM00001 " from PciRoot(0x0)/Pci(0x1,0x1)/Ata(Primary,Master,0x0)
NexusOS v3.0 UEFI Loader
(S0-Claims)CL-9000=0000000000000000
CL-70000=0000000000000000
CL-8000=0000000000000000
CL-100000=800000000000000E
CL-200000=0000000000000000
CL-400000=0000000000000000
(S0-ClaimsDone)(S1-GOP)  [1/4] GOP Init...GOP-RET=0000000000000000
GOP-FB=0000000080000000
GOP-W=0000000000000400
GOP-H=0000000000000300
GOP-PITCH=0000000000000000
 OK
(S2-Kernel)  [2/4] Loading KERNEL.BIN...KERN-RET=0000000000000000
KERN-BYTES=000000000000686C
KERN[0]=B0EE28B003F8BA66
KERN[8]=EE2DB0EE30B0EE21
 OK
(S3-Paging)  [3/4] Page tables...PT-PML4[0]=0000000000071003
PT-PDPT[0]=0000000000000083
PT-PDPT[1]=0000000040000083
(S3-PagingOK) OK
  [4/4] ExitBootServices...(X0-PreExit)FB=0000000080000000
W=0000000000000400
H=0000000000000300
KSZ=000000000000686C
K-TMP0=B0EE28B003F8BA66
PML4-0=0000000000071003
PDPT-0=0000000000000083
(X1-CallExit)(EB0-Enter)(EB1-AllocPool)EB1-RET=0000000000000000
(EB2-PoolOK)MMAP-BUF=000000001DF9D018
(EB3-GetMMap)EB-TRY=0000000000000003
MMAP-RET=0000000000000000
MMAP-SIZE=00000000000016B0
MAP-KEY=0000000000000549
DESC-SIZE=0000000000000030
(EB4-ExitBS!)EB-HANDLE=000000001F015698
EB-MAPKEY=0000000000000549
EXIT-RET=0000000000000000
(EB7-OK!)(E0-ExitOK)CR0=0000000080010033
CR3=000000001F801000
CR4=0000000000000668
RSP=000000001FE9C710
EFER-BEFORE=0000000000000D00
(E1-CR4fix)CR4-OLD=0000000000000668
CR4-NEW=0000000000000668
(E2-CR4done)CR4-VERIFY=0000000000000668
(E3-EFERfix)EFER-RD=0000000000000D00
EFER-WR=0000000000000D00
(E4-EFERdone)EFER-VERIFY=0000000000000D00
(E5-TLBflush)CR3-FLUSH=000000001F801000
(E6-TLBdone)(C-Sanitized)(G0-GDTcopy)GDT-SRC=0000000000103A60
GDT[0]=0000000000000000
GDT[1]=00209A0000000000
GDT[2]=0000920000000000
(G1-GDTcopied)GDT-DST[0]=0000000000000000
GDT-DST[1]=00209A0000000000
GDT-DST[2]=0000920000000000
(G2-GDTptr)GDTPTR-LIM=0000000000000017
GDTPTR-BASE=0000000000000500
