[2J[001;001H[=3h[2J[001;001H[2J[001;001H[8;056;240t[2J[001;001H[2J[001;001H[=3h[2J[001;001H[2J[001;001H[8;042;160t[2J[001;001HBdsDxe: loading Boot0002 "UEFI QEMU HARDDISK QM00001 " from PciRoot(0x0)/Pci(0x1,0x1)/Ata(Primary,Master,0x0)
BdsDxe: starting Boot0002 "UEFI QEMU HARDDISK QM00001 " from PciRoot(0x0)/Pci(0x1,0x1)/Ata(Primary,Master,0x0)
XECFWTGSJ(!0-ENTRY)[00](!1)(!2)(!3=0000)(!4)(!5)(!6)L00000000001022C2
MSR9U00000000 12abcdSR34P00000008 000202A0 000202A0 000202A0 000202A0 00020EE1 F00000005 v1v1v1HDECv1O[pv1sv1v1aev1)TFCPU:0000000000000001
CACHE:0000000000000080/0000000000000200/0000000000004000
FREQ:000000000241D743
MEMCAP:0000000000000000 GUI:0000000000400000-0000000001000000 APP:0000000001000000
SMP:0000000000000001/0000000000000001/0000000000000001/0000000000000001/0000000000000001
M12KKF!L00000000000000030000000000000003R0000000000000000U0000000001001B24@00000000010FFE00:0000000000000000:0000000000000000
s2N0000000000000002@0000000001001B76
s3N0000000000000003@0000000001001B98
s3N0000000000000003@0000000001001C05
s3N0000000000000003@0000000001001C05
s3N0000000000000003@0000000001001C47
s3N0000000000000003@0000000001001C6C
s3N0000000000000003@0000000001001C9B
s:N000000000000000A@0000000001000017
R00000000001FFF70:00000000001FFF98:0000000000000000:00000000010FFE00:0000000000000000
U0000000001001B24@00000000010FFE00:0000000000000000:0000000000000000
s2s3s3s3s3s3s3s:R00000000001FFF70:00000000001FFF98:0000000000000000:00000000010FFE00:0000000000000000
U0000000001001B24@00000000010FFE00:0000000000000000:0000000000000000
s2s3s3s3s3s3s3s:R00000000001FFF70:00000000001FFF98:0000000000000000:00000000010FFE00:0000000000000000
U0000000001001B24@00000000010FFE00:0000000000000000:0000000000000000
s2s3s3s3s3s3s3s:R00000000001FFF70:00000000001FFF98:0000000000000000:00000000010FFE00:0000000000000000
U0000000001001B24@00000000010FFE00:0000000000000000:0000000000000000
s2s3s3s3s3s3s3s:R00000000001FFF70:00000000001FFF98:0000000000000000:00000000010FFE00:0000000000000000
U0000000001001B24@00000000010FFE00:0000000000000000:0000000000000000
s2s3s3s3s3s3s3s:R00000000001FFF70:00000000001FFF98:0000000000000000:00000000010FFE00:0000000000000000
U0000000001001B24@00000000010FFE00:0000000000000000:0000000000000000
s2s3s3s3s3s3s3s:R00000000001FFF70:00000000001FFF98:0000000000000000:00000000010FFE00:0000000000000000
U0000000001001B24@00000000010FFE00:0000000000000000:0000000000000000
s2s3s3s3s3s3s3s:R00000000001FFF70:00000000001FFF98:0000000000000000:00000000010FFE00:0000000000000000
U0000000001001B24@00000000010FFE00:0000000000000000:0000000000000000
s2s3s3s3s3s3s3s:R00000000001FFF70:00000000001FFF98:0000000000000000:00000000010FFE00:0000000000000000
U0000000001001B24@00000000010FFE00:0000000000000000:0000000000000000
s2s3s3s3s3s3s3s:R00000000001FFF70:00000000001FFF98:0000000000000000:00000000010FFE00:0000000000000000
U0000000001001B24@00000000010FFE00:0000000000000000:0000000000000000
s2s3s3s3s3s3s3s:R00000000001FFF70:00000000001FFF98:0000000000000000:00000000010FFE00:0000000000000000
U0000000001001CAB@00000000010FFE00:0000000001006E00:0000000000000002
s:R00000000001FFF90:00000000001FFFB8:0000000000000002:00000000010FFE00:0000000000000000
U0000000001001B24@00000000010FFE00:0000000000000000:0000000000000000
s2s3s3s3s3s3s3s:R00000000001FFF70:00000000001FFF98:0000000000000000:00000000010FFE00:0000000000000000
U0000000001001B24@00000000010FFE00:0000000000000000:0000000000000000
s2s3s3s3s3s3s3s:R00000000001FFF70:00000000001FFF98:0000000000000000:00000000010FFE00:0000000000000000
U0000000001001CAB@00000000010FFE00:0000000001006F00:0000000000000002
s:R00000000001FFF90:00000000001FFFB8:0000000000000002:00000000010FFE00:0000000000000000
U0000000001001B24@00000000010FFE00:0000000000000000:0000000000000000
s2s3s3s3s3s3s3s:R00000000001FFF70:00000000001FFF98:0000000000000000:00000000010FFE00:0000000000000000
U0000000001001CAB@00000000010FFE00:0000000001007400:0000000000000002
s:R00000000001FFF90:00000000001FFFB8:0000000000000002:00000000010FFE00:0000000000000000
U0000000001001B24@00000000010FFE00:0000000000000000:0000000000000000
s2s3s3s3s3s3s3s:R00000000001FFF70:00000000001FFF98:0000000000000000:00000000010FFE00:0000000000000000
U0000000001001CAB@00000000010FFE00:0000000001006500:0000000000000002
s:R00000000001FFF90:00000000001FFFB8:0000000000000002:00000000010FFE00:0000000000000000
U0000000001001B24@00000000010FFE00:0000000000000000:0000000000000000
s2s3s3s3s3s3s3s:R00000000001FFF70:00000000001FFF98:0000000000000000:00000000010FFE00:0000000000000000
U0000000001001B24@00000000010FFE00:0000000000000000:0000000000000000
s2s3s3s3s3s3s3s:R00000000001FFF70:00000000001FFF98:0000000000000000:00000000010FFE00:0000000000000000
U0000000001001CAB@00000000010FFE00:0000000001007000:0000000000000002
s:R00000000001FFF90:00000000001FFFB8:0000000000000002:00000000010FFE00:0000000000000000
U0000000001001B24@00000000010FFE00:0000000000000000:0000000000000000
s2s3s3s3s3s3s3s:R00000000001FFF70:00000000001FFF98:0000000000000000:00000000010FFE00:0000000000000000
U0000000001001CAB@00000000010FFE00:0000000001006100:0000000000000002
s:R00000000001FFF90:00000000001FFFB8:0000000000000002:00000000010FFE00:0000000000000000
U0000000001001B24@00000000010FFE00:0000000000000000:0000000000000000
s2s3s3s3s3s3s3s:R00000000001FFF70:00000000001FFF98:0000000000000000:00000000010FFE00:0000000000000000
U0000000001001CAB@00000000010FFE00:0000000001006400:0000000000000002
s:R00000000001FFF90:00000000001FFFB8:0000000000000002:00000000010FFE00:0000000000000000
U0000000001001B24@00000000010FFE00:0000000000000000:0000000000000000
s2s3s3s3s3s3s3s:R00000000001FFF70:00000000001FFF98:0000000000000000:00000000010FFE00:0000000000000000
U0000000001001CAB@00000000010FFE00:0000000001000D00:0000000000000002
sGOP000000000000000400000000000000040000000000000000s:R00000000001FFF90:00000000001FFFB8:0000000000000002:00000000010FFE00:0000000000000000
U0000000001001B24@00000000010FFE00:0000000000000000:0000000000000000
s2s3s3s3s3s3s3s3s:R00000000001FFF70:00000000001FFF98:0000000000000000:00000000010FFE00:0000000000000000
U0000000001001B24@00000000010FFE00:0000000000000000:0000000000000000
s2s3s3s3s3s3s3s3s:R00000000001FFF70:00000000001FFF98:0000000000000000:00000000010FFE00:0000000000000000
U0000000001001B24@00000000010FFE00:0000000000000000:0000000000000000
s2s3s3s3s3s3s3s3s:R00000000001FFF70:00000000001FFF98:0000000000000000:00000000010FFE00:0000000000000000
U0000000001001B24@00000000010FFE00:0000000000000000:0000000000000000
s2s3s3s3s3s3s3s3s:R00000000001FFF70:00000000001FFF98:0000000000000000:00000000010FFE00:0000000000000000
U0000000001001B24@00000000010FFE00:0000000000000000:0000000000000000
s2s3s3s3s3s3s3s3s:R00000000001FFF70:00000000001FFF98:0000000000000000:00000000010FFE00:0000000000000000
U0000000001001B24@00000000010FFE00:0000000000000000:0000000000000000
s2s3s3s3s3s3s3s3s:R00000000001FFF70:00000000001FFF98:0000000000000000:00000000010FFE00:0000000000000000
U0000000001001B24@00000000010FFE00:0000000000000000:0000000000000000
s2s3s3s3s3s3s3s3s:R00000000001FFF70:00000000001FFF98:0000000000000000:00000000010FFE00:0000000000000000
U0000000001001B24@00000000010FFE00:0000000000000000:0000000000000000
s2s3s3s3s3s3s3s3s:R00000000001FFF70:00000000001FFF98:0000000000000000:00000000010FFE00:0000000000000000
U0000000001001B24@00000000010FFE00:0000000000000000:0000000000000000
s2s3s3s3s3s3s3s3s:R00000000001FFF70:00000000001FFF98:0000000000000000:00000000010FFE00:0000000000000000
U0000000001001B24@00000000010FFE00:0000000000000000:0000000000000000
s2s3s3s3s3s3s3s3s:R00000000001FFF70:00000000001FFF98:0000000000000000:00000000010FFE00:0000000000000000
U0000000001001B24@00000000010FFE00:0000000000000000:0000000000000000
s2s3s3s3s3s3s3s3s:R00000000001FFF70:00000000001FFF98:0000000000000000:00000000010FFE00:0000000000000000
U0000000001001B24@00000000010FFE00:0000000000000000:0000000000000000
s2s3s3s3s3s3s3s3s:R00000000001FFF70:00000000001FFF98:0000000000000000:00000000010FFE00:0000000000000000
U0000000001001B24@00000000010FFE00:0000000000000000:0000000000000000
s2s3s3s3s3s3s3s3s:R00000000001FFF70:00000000001FFF98:0000000000000000:00000000010FFE00:0000000000000000
U0000000001001B24@00000000010FFE00:0000000000000000:0000000000000000
s2s3s3s3s3s3s3s3s:R00000000001FFF70:00000000001FFF98:0000000000000000:00000000010FFE00:0000000000000000
U0000000001001B24@00000000010FFE00:0000000000000000:0000000000000000
s2s3s3s3s3s3s3s3s:R00000000001FFF70:00000000001FFF98:0000000000000000:00000000010FFE00:0000000000000000
U0000000001001B24@00000000010FFE00:0000000000000000:0000000000000000
s2s3s3s3s3s3s3s3s:R00000000001FFF70:00000000001FFF98:0000000000000000:00000000010FFE00:0000000000000000
U0000000001001B24@00000000010FFE00:0000000000000000:0000000000000000
s2s3s3s3s3s3s3s3s:R00000000001FFF70:00000000001FFF98:0000000000000000:00000000010FFE00:0000000000000000
U0000000001001B24@00000000010FFE00:0000000000000000:0000000000000000
s2s3s3s3s3s3s3s3s:R00000000001FFF70:00000000001FFF98:0000000000000000:00000000010FFE00:0000000000000000
U0000000001001B24@00000000010FFE00:0000000000000000:0000000000000000
s2s3s3s3s3s3s3s3s:R00000000001FFF70:00000000001FFF98:0000000000000000:00000000010FFE00:0000000000000000
U0000000001001B24@00000000010FFE00:0000000000000000:0000000000000000
s2s3s3s3s3s3s3s3s:R00000000001FFF70:00000000001FFF98:0000000000000000:00000000010FFE00:0000000000000000
U0000000001001B24@00000000010FFE00:0000000000000000:0000000000000000
s2s3s3s3s3s3s3s3s:R00000000001FFF70:00000000001FFF98:0000000000000000:00000000010FFE00:0000000000000000
U0000000001001B24@00000000010FFE00:0000000000000000:0000000000000000
s2s3s3s3s3s3s3s3s:R00000000001FFF70:00000000001FFF98:0000000000000000:00000000010FFE00:0000000000000000
U0000000001001B24@00000000010FFE00:0000000000000000:0000000000000000
s2s3s3s3s3s3s3s3s:R00000000001FFF70:00000000001FFF98:0000000000000000:00000000010FFE00:0000000000000000
U0000000001001B24@00000000010FFE00:0000000000000000:0000000000000000
s2s3s3s3s3s3s3s3s:R00000000001FFF70:00000000001FFF98:0000000000000000:00000000010FFE00:0000000000000000
U0000000001001B24@00000000010FFE00:0000000000000000:0000000000000000
s2s3s3s3s3s3s3s3s:R00000000001FFF70:00000000001FFF98:0000000000000000:00000000010FFE00:0000000000000000
U0000000001001B24@00000000010FFE00:0000000000000000:0000000000000000
s2s3s3s3s3s3s3s3s:R00000000001FFF70:00000000001FFF98:0000000000000000:00000000010FFE00:0000000000000000
U0000000001001B24@00000000010FFE00:0000000000000000:0000000000000000
s2s3s3s3s3s3s3s3s:R00000000001FFF70:00000000001FFF98:0000000000000000:00000000010FFE00:0000000000000000
U0000000001001B24@00000000010FFE00:0000000000000000:0000000000000000
s2s3s3s3s3s3s3s3s:R00000000001FFF70:00000000001FFF98:0000000000000000:00000000010FFE00:0000000000000000
U0000000001001B24@00000000010FFE00:0000000000000000:0000000000000000
s2s3s3s3s3s3s3s3s:R00000000001FFF70:00000000001FFF98:0000000000000000:00000000010FFE00:0000000000000000
U0000000001001B24@00000000010FFE00:0000000000000000:0000000000000000
s2s3s3s3s3s3s3s3s:R00000000001FFF70:00000000001FFF98:0000000000000000:00000000010FFE00:0000000000000000
U0000000001001B24@00000000010FFE00:0000000000000000:0000000000000000
s2s3s3s3s3s3s3s3s:R00000000001FFF70:00000000001FFF98:0000000000000000:00000000010FFE00:0000000000000000
U0000000001001B24@00000000010FFE00:0000000000000000:0000000000000000
s2s3s3s3s3s3s3s3s:R00000000001FFF70:00000000001FFF98:0000000000000000:00000000010FFE00:0000000000000000
U0000000001001B24@00000000010FFE00:0000000000000000:0000000000000000
s2s3s3s3s3s3s3s3s:R00000000001FFF70:00000000001FFF98:0000000000000000:00000000010FFE00:0000000000000000
U0000000001001B24@00000000010FFE00:0000000000000000:0000000000000000
s2s3s3s3s3s3s3s3s:R00000000001FFF70:00000000001FFF98:0000000000000000:00000000010FFE00:0000000000000000
U0000000001001B24@00000000010FFE00:0000000000000000:0000000000000000
s2s3s3s3s3s3s3s3s:R00000000001FFF70:00000000001FFF98:0000000000000000:00000000010FFE00:0000000000000000
U0000000001001B24@00000000010FFE00:0000000000000000:0000000000000000
s2s3s3s3s3s3s3s3s:R00000000001FFF70:00000000001FFF98:0000000000000000:00000000010FFE00:0000000000000000
U0000000001001B24@00000000010FFE00:0000000000000000:0000000000000000
s2s3s3s3s3s3s3s3s:R00000000001FFF70:00000000001FFF98:0000000000000000:00000000010FFE00:0000000000000000
U0000000001001B24@00000000010FFE00:0000000000000000:0000000000000000
s2s3s3s3s3s3s3s3s:R00000000001FFF70:00000000001FFF98:0000000000000000:00000000010FFE00:0000000000000000
U0000000001001B24@00000000010FFE00:0000000000000000:0000000000000000
s2s3s3s3s3s3s3s3s:R00000000001FFF70:00000000001FFF98:0000000000000000:00000000010FFE00:0000000000000000
U0000000001001B24@00000000010FFE00:0000000000000000:0000000000000000
s2s3s3s3s3s3s3s3s:R00000000001FFF70:00000000001FFF98:0000000000000000:00000000010FFE00:0000000000000000

