[2J[001;001H[=3h[2J[001;001H[2J[001;001H[8;056;240t[2J[001;001H[2J[001;001H[=3h[2J[001;001H[2J[001;001H[8;042;160t[2J[001;001HBdsDxe: loading Boot0002 "UEFI QEMU HARDDISK QM00001 " from PciRoot(0x0)/Pci(0x1,0x1)/Ata(Primary,Master,0x0)
BdsDxe: starting Boot0002 "UEFI QEMU HARDDISK QM00001 " from PciRoot(0x0)/Pci(0x1,0x1)/Ata(Primary,Master,0x0)
NexusOS v3.0 UEFI Loader
  [1/4] GOP Init... OK
  [2/4] Loading KERNEL.BIN...!!!! X64 Exception Type - 0E(#PF - Page-Fault)  CPU Apic ID - 00000000 !!!!
ExceptionData - 0000000000000000  I:0 R:0 U:0 W:0 P:0 PK:0 SS:0 SGX:0
RIP  - 00000000001013DF, CS  - 0000000000000038, RFLAGS - 0000000000010246
RAX  - 0000000000000000, RCX - 000000001EFDDF20, RDX - 0000000000000000
RBX  - 000000001DFBD9A0, RSP - 000000001FE9C660, RBP - 000000001FE9C800
RSI  - 0000000000000000, RDI - 0000000000009000
R8   - 0000000000104000, R9  - 000000001E447018, R10 - 0000000000000000
R11  - 0000000000000000, R12 - 0000000000000000, R13 - 000000001EA4B732
R14  - 0000000000000000, R15 - 000000001FEB72E0
DS   - 0000000000000030, ES  - 0000000000000030, FS  - 0000000000000030
GS   - 0000000000000030, SS  - 0000000000000030
CR0  - 0000000080010033, CR2 - FFFFFFFFC364E6D4, CR3 - 000000001F801000
CR4  - 0000000000000668, CR8 - 0000000000000000
DR0  - 0000000000000000, DR1 - 0000000000000000, DR2 - 0000000000000000
DR3  - 0000000000000000, DR6 - 00000000FFFF0FF0, DR7 - 0000000000000400
GDTR - 000000001F5DB000 0000000000000057, LDTR - 0000000000000000
IDTR - 000000001F004018 0000000000000FFF,   TR - 0000000000000048
FXSAVE_STATE - 000000001F5DA460
!!!! Can't find image information. !!!!
